#
# There is insufficient memory for the Java Runtime Environment to continue.
# Native memory allocation (malloc) failed to allocate 1049296 bytes for Chunk::new
# Possible reasons:
#   The system is out of physical RAM or swap space
#   The process is running with CompressedOops enabled, and the Java Heap may be blocking the growth of the native heap
# Possible solutions:
#   Reduce memory load on the system
#   Increase physical memory or swap space
#   Check if swap backing store is full
#   Decrease Java heap size (-Xmx/-Xms)
#   Decrease number of Java threads
#   Decrease Java thread stack sizes (-Xss)
#   Set larger code cache with -XX:ReservedCodeCacheSize=
#   JVM is running with Unscaled Compressed Oops mode in which the Java heap is
#     placed in the first 4GB address space. The Java Heap base address is the
#     maximum limit for the native heap growth. Please use -XX:HeapBaseMinAddress
#     to set the Java Heap base and to place the Java Heap above 4GB virtual address.
# This output file may be truncated or incomplete.
#
#  Out of Memory Error (allocation.cpp:389), pid=8376, tid=0x0000000000002740
#
# JRE version: OpenJDK Runtime Environment (8.0_212-b04) (build 1.8.0_212-release-1586-b04)
# Java VM: OpenJDK 64-Bit Server VM (25.212-b04 mixed mode windows-amd64 compressed oops)
# Failed to write core dump. Minidumps are not enabled by default on client versions of Windows
#

---------------  T H R E A D  ---------------

Current thread (0x0000000016297800):  JavaThread "C2 CompilerThread0" daemon [_thread_in_native, id=10048, stack(0x00000000178f0000,0x00000000179f0000)]

Stack: [0x00000000178f0000,0x00000000179f0000]
[error occurred during error reporting (printing stack bounds), id 0xc0000005]

Native frames: (J=compiled Java code, j=interpreted, Vv=VM code, C=native code)


Current CompileTask:
C2:1665999 22279       4       org.gradle.api.internal.artifacts.configurations.DefaultConfiguration_Decorated::getAllArtifacts (37 bytes)


---------------  P R O C E S S  ---------------

Java Threads: ( => current thread )
  0x000000001cdd6000 JavaThread "Execution worker for ':' Thread 3" [_thread_in_native, id=2572, stack(0x000000002cf70000,0x000000002d070000)]
  0x000000001cdce800 JavaThread "Execution worker for ':' Thread 2" [_thread_blocked, id=8168, stack(0x000000002c7c0000,0x000000002c8c0000)]
  0x000000001cdd0000 JavaThread "Execution worker for ':'" [_thread_blocked, id=2216, stack(0x000000002bd70000,0x000000002be70000)]
  0x000000001cdd5000 JavaThread "Cache worker for file content cache (C:\Users\basan\AndroidStudioProjects\ApniShuvidha\.gradle\5.6.4\fileContent)" [_thread_blocked, id=7736, stack(0x00000000235d0000,0x00000000236d0000)]
  0x000000001cdd0800 JavaThread "Cache worker for Build Output Cleanup Cache (C:\Users\basan\AndroidStudioProjects\ApniShuvidha\.gradle\buildOutputCleanup)" [_thread_blocked, id=5500, stack(0x0000000022930000,0x0000000022a30000)]
  0x000000001cdcd800 JavaThread "pool-27-thread-1" [_thread_blocked, id=4116, stack(0x0000000021fe0000,0x00000000220e0000)]
  0x000000001cdd4800 JavaThread "Build operations Thread 4" [_thread_blocked, id=4376, stack(0x0000000021ce0000,0x0000000021de0000)]
  0x000000001cdd3800 JavaThread "Build operations Thread 3" [_thread_blocked, id=4092, stack(0x0000000020fe0000,0x00000000210e0000)]
  0x000000001cd6f000 JavaThread "Build operations Thread 2" [_thread_blocked, id=3800, stack(0x0000000020ce0000,0x0000000020de0000)]
  0x000000001cd71800 JavaThread "Build operations" [_thread_blocked, id=964, stack(0x00000000207e0000,0x00000000208e0000)]
  0x000000001cd67800 JavaThread "Cache worker for cache directory md-rule (C:\Users\basan\.gradle\caches\5.6.4\md-rule)" [_thread_blocked, id=8412, stack(0x00000000206e0000,0x00000000207e0000)]
  0x000000001cd6a000 JavaThread "Cache worker for cache directory md-supplier (C:\Users\basan\.gradle\caches\5.6.4\md-supplier)" [_thread_blocked, id=9076, stack(0x00000000205e0000,0x00000000206e0000)]
  0x000000001cd66800 JavaThread "Cache worker for file hash cache (C:\Users\basan\AndroidStudioProjects\ApniShuvidha\.gradle\5.6.4\fileHashes)" [_thread_blocked, id=2776, stack(0x000000001efb0000,0x000000001f0b0000)]
  0x000000001cd6d800 JavaThread "Thread-232" [_thread_blocked, id=8068, stack(0x000000001e2b0000,0x000000001e3b0000)]
  0x000000001cd6d000 JavaThread "Stdin handler" [_thread_blocked, id=6400, stack(0x000000001b810000,0x000000001b910000)]
  0x000000001cd6a800 JavaThread "Asynchronous log dispatcher for DefaultDaemonConnection: socket connection from /127.0.0.1:57483 to /127.0.0.1:57649" [_thread_blocked, id=5204, stack(0x000000001b710000,0x000000001b810000)]
  0x000000001cd64800 JavaThread "Cancel handler" [_thread_blocked, id=6296, stack(0x000000001b410000,0x000000001b510000)]
  0x000000001cd66000 JavaThread "Handler for socket connection from /127.0.0.1:57483 to /127.0.0.1:57649" [_thread_in_native, id=3340, stack(0x000000001b310000,0x000000001b410000)]
  0x000000001cdd2000 JavaThread "Daemon worker Thread 8" [_thread_blocked, id=3280, stack(0x000000001bb10000,0x000000001bc10000)]
  0x000000001cdd3000 JavaThread "Daemon Thread 8" [_thread_blocked, id=9724, stack(0x0000000000d60000,0x0000000000e60000)]
  0x000000001cd70000 JavaThread "Cache worker for Java compile cache (C:\Users\basan\.gradle\caches\5.6.4\javaCompile)" [_thread_blocked, id=3000, stack(0x00000000234d0000,0x00000000235d0000)]
  0x000000001cd65000 JavaThread "Cache worker for file content cache (C:\Users\basan\.gradle\caches\5.6.4\fileContent)" [_thread_blocked, id=2108, stack(0x0000000021be0000,0x0000000021ce0000)]
  0x000000001cd6c000 JavaThread "Memory manager" [_thread_blocked, id=4044, stack(0x0000000021ae0000,0x0000000021be0000)]
  0x000000001cd69000 JavaThread "Cache worker for execution history cache (C:\Users\basan\.gradle\caches\5.6.4\executionHistory)" [_thread_blocked, id=584, stack(0x000000001f0b0000,0x000000001f1b0000)]
  0x0000000018f1f000 JavaThread "Cache worker for journal cache (C:\Users\basan\.gradle\caches\journal-1)" [_thread_blocked, id=4300, stack(0x000000001c010000,0x000000001c110000)]
  0x0000000018f22000 JavaThread "File lock request listener" [_thread_in_native, id=5820, stack(0x000000001bf10000,0x000000001c010000)]
  0x0000000019181800 JavaThread "Cache worker for file hash cache (C:\Users\basan\.gradle\caches\5.6.4\fileHashes)" [_thread_blocked, id=9048, stack(0x000000001be10000,0x000000001bf10000)]
  0x000000001981e000 JavaThread "Daemon periodic checks" [_thread_blocked, id=2220, stack(0x000000001b210000,0x000000001b310000)]
  0x0000000019cf8800 JavaThread "Incoming local TCP Connector on port 57483" [_thread_in_native, id=928, stack(0x000000001afd0000,0x000000001b0d0000)]
  0x000000001829b000 JavaThread "Daemon health stats" [_thread_blocked, id=9428, stack(0x000000001a990000,0x000000001aa90000)]
  0x00000000162ee800 JavaThread "Service Thread" daemon [_thread_blocked, id=6856, stack(0x0000000017ff0000,0x00000000180f0000)]
  0x0000000016293800 JavaThread "C1 CompilerThread2" daemon [_thread_blocked, id=5740, stack(0x0000000017af0000,0x0000000017bf0000)]
  0x000000001628c000 JavaThread "C2 CompilerThread1" daemon [_thread_in_native, id=7652, stack(0x00000000179f0000,0x0000000017af0000)]
=>0x0000000016297800 JavaThread "C2 CompilerThread0" daemon [_thread_in_native, id=10048, stack(0x00000000178f0000,0x00000000179f0000)]
  0x0000000016296000 JavaThread "Attach Listener" daemon [_thread_blocked, id=7840, stack(0x00000000177f0000,0x00000000178f0000)]
  0x0000000016294800 JavaThread "Signal Dispatcher" daemon [_thread_blocked, id=6656, stack(0x00000000176f0000,0x00000000177f0000)]
  0x000000000291b800 JavaThread "Finalizer" daemon [_thread_blocked, id=9160, stack(0x00000000174f0000,0x00000000175f0000)]
  0x0000000016279000 JavaThread "Reference Handler" daemon [_thread_blocked, id=1320, stack(0x00000000173f0000,0x00000000174f0000)]
  0x00000000027cd800 JavaThread "main" [_thread_blocked, id=3776, stack(0x0000000002650000,0x0000000002750000)]

Other Threads:
  0x0000000016256800 VMThread [stack: 0x00000000172f0000,0x00000000173f0000] [id=800]
  0x0000000017c11800 WatcherThread [stack: 0x00000000180f0000,0x00000000181f0000] [id=8560]

VM state:not at safepoint (normal execution)

VM Mutex/Monitor currently owned by a thread: None

heap address: 0x00000000a0000000, size: 1536 MB, Compressed Oops mode: 32-bit
Narrow klass base: 0x0000000000000000, Narrow klass shift: 3
Compressed class space size: 1073741824 Address: 0x0000000100000000

Heap:
 PSYoungGen      total 175616K, used 175267K [0x00000000e0000000, 0x00000000eec00000, 0x0000000100000000)
  eden space 139776K, 99% used [0x00000000e0000000,0x00000000e8829d00,0x00000000e8880000)
  from space 35840K, 99% used [0x00000000e8880000,0x00000000eab7f210,0x00000000eab80000)
  to   space 42496K, 0% used [0x00000000ec280000,0x00000000ec280000,0x00000000eec00000)
 ParOldGen       total 147456K, used 69290K [0x00000000a0000000, 0x00000000a9000000, 0x00000000e0000000)
  object space 147456K, 46% used [0x00000000a0000000,0x00000000a43aaa58,0x00000000a9000000)
 Metaspace       used 102981K, capacity 108896K, committed 109056K, reserved 1144832K
  class space    used 13359K, capacity 14526K, committed 14592K, reserved 1048576K

Card table byte_map: [0x0000000011ce0000,0x0000000011ff0000] byte_map_base: 0x00000000117e0000

Marking Bits: (ParMarkBitMap*) 0x0000000064d89f30
 Begin Bits: [0x00000000125f0000, 0x0000000013df0000)
 End Bits:   [0x0000000013df0000, 0x00000000155f0000)

Polling page: 0x0000000000e80000

CodeCache: size=245760Kb used=60779Kb max_used=60779Kb free=184980Kb
 bounds [0x0000000002920000, 0x00000000064d0000, 0x0000000011920000]
 total_blobs=18537 nmethods=17604 adapters=846
 compilation: enabled

Compilation events (10 events):
Event: 1665.620 Thread 0x0000000016293800 22300       3       com.google.common.collect.Iterators::removeIf (44 bytes)
Event: 1665.621 Thread 0x0000000016293800 nmethod 22300 0x00000000064c8110 code [0x00000000064c82e0, 0x00000000064c89a8]
Event: 1665.621 Thread 0x0000000016293800 22301       3       org.gradle.execution.plan.TaskNode::getAllSuccessorsInReverseOrder (35 bytes)
Event: 1665.622 Thread 0x0000000016293800 nmethod 22301 0x00000000064c8c50 code [0x00000000064c8e40, 0x00000000064c9948]
Event: 1665.622 Thread 0x0000000016293800 22302       3       org.gradle.execution.plan.DefaultExecutionPlan::getOrCreateProjectLock (42 bytes)
Event: 1665.624 Thread 0x0000000016293800 nmethod 22302 0x00000000064c9e10 code [0x00000000064c9fe0, 0x00000000064ca6d8]
Event: 1665.632 Thread 0x0000000016293800 22303       3       com.google.common.collect.Iterables::removeIf (40 bytes)
Event: 1665.633 Thread 0x0000000016293800 nmethod 22303 0x00000000064ca910 code [0x00000000064caae0, 0x00000000064cb218]
Event: 1665.647 Thread 0x0000000016293800 22305       2       org.gradle.internal.operations.DefaultBuildOperationListenerManager$1::progress (47 bytes)
Event: 1665.648 Thread 0x0000000016293800 nmethod 22305 0x00000000064cb3d0 code [0x00000000064cb560, 0x00000000064cb828]

GC Heap History (10 events):
Event: 1468.057 GC heap before
{Heap before GC invocations=35 (full 4):
 PSYoungGen      total 171008K, used 137434K [0x00000000e0000000, 0x00000000ed980000, 0x0000000100000000)
  eden space 128512K, 100% used [0x00000000e0000000,0x00000000e7d80000,0x00000000e7d80000)
  from space 42496K, 20% used [0x00000000ea700000,0x00000000eafb6a58,0x00000000ed080000)
  to   space 42496K, 0% used [0x00000000e7d80000,0x00000000e7d80000,0x00000000ea700000)
 ParOldGen       total 147456K, used 62957K [0x00000000a0000000, 0x00000000a9000000, 0x00000000e0000000)
  object space 147456K, 42% used [0x00000000a0000000,0x00000000a3d7b7c0,0x00000000a9000000)
 Metaspace       used 100703K, capacity 106156K, committed 106496K, reserved 1140736K
  class space    used 13164K, capacity 14218K, committed 14336K, reserved 1048576K
Event: 1468.096 GC heap after
Heap after GC invocations=35 (full 4):
 PSYoungGen      total 171008K, used 19557K [0x00000000e0000000, 0x00000000ed400000, 0x0000000100000000)
  eden space 128512K, 0% used [0x00000000e0000000,0x00000000e0000000,0x00000000e7d80000)
  from space 42496K, 46% used [0x00000000e7d80000,0x00000000e90997d8,0x00000000ea700000)
  to   space 40448K, 0% used [0x00000000eac80000,0x00000000eac80000,0x00000000ed400000)
 ParOldGen       total 147456K, used 62965K [0x00000000a0000000, 0x00000000a9000000, 0x00000000e0000000)
  object space 147456K, 42% used [0x00000000a0000000,0x00000000a3d7d7c0,0x00000000a9000000)
 Metaspace       used 100703K, capacity 106156K, committed 106496K, reserved 1140736K
  class space    used 13164K, capacity 14218K, committed 14336K, reserved 1048576K
}
Event: 1542.183 GC heap before
{Heap before GC invocations=36 (full 4):
 PSYoungGen      total 171008K, used 148069K [0x00000000e0000000, 0x00000000ed400000, 0x0000000100000000)
  eden space 128512K, 100% used [0x00000000e0000000,0x00000000e7d80000,0x00000000e7d80000)
  from space 42496K, 46% used [0x00000000e7d80000,0x00000000e90997d8,0x00000000ea700000)
  to   space 40448K, 0% used [0x00000000eac80000,0x00000000eac80000,0x00000000ed400000)
 ParOldGen       total 147456K, used 62965K [0x00000000a0000000, 0x00000000a9000000, 0x00000000e0000000)
  object space 147456K, 42% used [0x00000000a0000000,0x00000000a3d7d7c0,0x00000000a9000000)
 Metaspace       used 101132K, capacity 106766K, committed 107008K, reserved 1142784K
  class space    used 13198K, capacity 14310K, committed 14336K, reserved 1048576K
Event: 1542.243 GC heap after
Heap after GC invocations=36 (full 4):
 PSYoungGen      total 170496K, used 18672K [0x00000000e0000000, 0x00000000ecf00000, 0x0000000100000000)
  eden space 135168K, 0% used [0x00000000e0000000,0x00000000e0000000,0x00000000e8400000)
  from space 35328K, 52% used [0x00000000eac80000,0x00000000ebebc1d8,0x00000000ecf00000)
  to   space 38400K, 0% used [0x00000000e8400000,0x00000000e8400000,0x00000000ea980000)
 ParOldGen       total 147456K, used 62973K [0x00000000a0000000, 0x00000000a9000000, 0x00000000e0000000)
  object space 147456K, 42% used [0x00000000a0000000,0x00000000a3d7f7c0,0x00000000a9000000)
 Metaspace       used 101132K, capacity 106766K, committed 107008K, reserved 1142784K
  class space    used 13198K, capacity 14310K, committed 14336K, reserved 1048576K
}
Event: 1563.620 GC heap before
{Heap before GC invocations=37 (full 4):
 PSYoungGen      total 170496K, used 153840K [0x00000000e0000000, 0x00000000ecf00000, 0x0000000100000000)
  eden space 135168K, 100% used [0x00000000e0000000,0x00000000e8400000,0x00000000e8400000)
  from space 35328K, 52% used [0x00000000eac80000,0x00000000ebebc1d8,0x00000000ecf00000)
  to   space 38400K, 0% used [0x00000000e8400000,0x00000000e8400000,0x00000000ea980000)
 ParOldGen       total 147456K, used 62973K [0x00000000a0000000, 0x00000000a9000000, 0x00000000e0000000)
  object space 147456K, 42% used [0x00000000a0000000,0x00000000a3d7f7c0,0x00000000a9000000)
 Metaspace       used 101452K, capacity 107266K, committed 107392K, reserved 1142784K
  class space    used 13230K, capacity 14379K, committed 14464K, reserved 1048576K
Event: 1563.679 GC heap after
Heap after GC invocations=37 (full 4):
 PSYoungGen      total 173568K, used 19806K [0x00000000e0000000, 0x00000000ed080000, 0x0000000100000000)
  eden space 135168K, 0% used [0x00000000e0000000,0x00000000e0000000,0x00000000e8400000)
  from space 38400K, 51% used [0x00000000e8400000,0x00000000e9757928,0x00000000ea980000)
  to   space 36352K, 0% used [0x00000000ead00000,0x00000000ead00000,0x00000000ed080000)
 ParOldGen       total 147456K, used 62981K [0x00000000a0000000, 0x00000000a9000000, 0x00000000e0000000)
  object space 147456K, 42% used [0x00000000a0000000,0x00000000a3d817c0,0x00000000a9000000)
 Metaspace       used 101452K, capacity 107266K, committed 107392K, reserved 1142784K
  class space    used 13230K, capacity 14379K, committed 14464K, reserved 1048576K
}
Event: 1615.385 GC heap before
{Heap before GC invocations=38 (full 4):
 PSYoungGen      total 173568K, used 154974K [0x00000000e0000000, 0x00000000ed080000, 0x0000000100000000)
  eden space 135168K, 100% used [0x00000000e0000000,0x00000000e8400000,0x00000000e8400000)
  from space 38400K, 51% used [0x00000000e8400000,0x00000000e9757928,0x00000000ea980000)
  to   space 36352K, 0% used [0x00000000ead00000,0x00000000ead00000,0x00000000ed080000)
 ParOldGen       total 147456K, used 62981K [0x00000000a0000000, 0x00000000a9000000, 0x00000000e0000000)
  object space 147456K, 42% used [0x00000000a0000000,0x00000000a3d817c0,0x00000000a9000000)
 Metaspace       used 101576K, capacity 107360K, committed 107648K, reserved 1142784K
  class space    used 13237K, capacity 14384K, committed 14464K, reserved 1048576K
Event: 1615.438 GC heap after
Heap after GC invocations=38 (full 4):
 PSYoungGen      total 174080K, used 21706K [0x00000000e0000000, 0x00000000ece80000, 0x0000000100000000)
  eden space 139776K, 0% used [0x00000000e0000000,0x00000000e0000000,0x00000000e8880000)
  from space 34304K, 63% used [0x00000000ead00000,0x00000000ec2329a8,0x00000000ece80000)
  to   space 35840K, 0% used [0x00000000e8880000,0x00000000e8880000,0x00000000eab80000)
 ParOldGen       total 147456K, used 62989K [0x00000000a0000000, 0x00000000a9000000, 0x00000000e0000000)
  object space 147456K, 42% used [0x00000000a0000000,0x00000000a3d837c0,0x00000000a9000000)
 Metaspace       used 101576K, capacity 107360K, committed 107648K, reserved 1142784K
  class space    used 13237K, capacity 14384K, committed 14464K, reserved 1048576K
}
Event: 1622.441 GC heap before
{Heap before GC invocations=39 (full 4):
 PSYoungGen      total 174080K, used 161482K [0x00000000e0000000, 0x00000000ece80000, 0x0000000100000000)
  eden space 139776K, 100% used [0x00000000e0000000,0x00000000e8880000,0x00000000e8880000)
  from space 34304K, 63% used [0x00000000ead00000,0x00000000ec2329a8,0x00000000ece80000)
  to   space 35840K, 0% used [0x00000000e8880000,0x00000000e8880000,0x00000000eab80000)
 ParOldGen       total 147456K, used 62989K [0x00000000a0000000, 0x00000000a9000000, 0x00000000e0000000)
  object space 147456K, 42% used [0x00000000a0000000,0x00000000a3d837c0,0x00000000a9000000)
 Metaspace       used 102597K, capacity 108522K, committed 108800K, reserved 1142784K
  class space    used 13330K, capacity 14477K, committed 14592K, reserved 1048576K
Event: 1622.837 GC heap after
Heap after GC invocations=39 (full 4):
 PSYoungGen      total 175616K, used 35836K [0x00000000e0000000, 0x00000000eec00000, 0x0000000100000000)
  eden space 139776K, 0% used [0x00000000e0000000,0x00000000e0000000,0x00000000e8880000)
  from space 35840K, 99% used [0x00000000e8880000,0x00000000eab7f210,0x00000000eab80000)
  to   space 42496K, 0% used [0x00000000ec280000,0x00000000ec280000,0x00000000eec00000)
 ParOldGen       total 147456K, used 69290K [0x00000000a0000000, 0x00000000a9000000, 0x00000000e0000000)
  object space 147456K, 46% used [0x00000000a0000000,0x00000000a43aaa58,0x00000000a9000000)
 Metaspace       used 102597K, capacity 108522K, committed 108800K, reserved 1142784K
  class space    used 13330K, capacity 14477K, committed 14592K, reserved 1048576K
}

Deoptimization events (10 events):
Event: 1624.898 Thread 0x0000000019f9a000 Uncommon trap: reason=unstable_if action=reinterpret pc=0x00000000063045d4 method=sun.nio.fs.WindowsPath.getRoot()Lsun/nio/fs/WindowsPath; @ 7
Event: 1624.963 Thread 0x0000000019f9a000 Uncommon trap: reason=unstable_if action=reinterpret pc=0x0000000006316414 method=sun.nio.fs.WindowsPath.getRoot()Lsun/nio/fs/WindowsPath; @ 7
Event: 1624.976 Thread 0x0000000019f9a000 Uncommon trap: reason=class_check action=maybe_recompile pc=0x00000000063ec320 method=com.google.common.base.Suppliers$NonSerializableMemoizingSupplier.<init>(Lcom/google/common/base/Supplier;)V @ 9
Event: 1624.977 Thread 0x0000000019f9a000 Uncommon trap: reason=class_check action=maybe_recompile pc=0x00000000063ec320 method=com.google.common.base.Suppliers$NonSerializableMemoizingSupplier.<init>(Lcom/google/common/base/Supplier;)V @ 9
Event: 1624.977 Thread 0x0000000019f9a000 Uncommon trap: reason=class_check action=maybe_recompile pc=0x00000000063ec320 method=com.google.common.base.Suppliers$NonSerializableMemoizingSupplier.<init>(Lcom/google/common/base/Supplier;)V @ 9
Event: 1624.977 Thread 0x0000000019f9a000 Uncommon trap: reason=class_check action=maybe_recompile pc=0x00000000063ec320 method=com.google.common.base.Suppliers$NonSerializableMemoizingSupplier.<init>(Lcom/google/common/base/Supplier;)V @ 9
Event: 1625.135 Thread 0x0000000019f9a000 Uncommon trap: reason=bimorphic action=maybe_recompile pc=0x000000000343db3c method=com.google.common.collect.ImmutableMap.copyOf(Ljava/lang/Iterable;)Lcom/google/common/collect/ImmutableMap; @ 53
Event: 1627.225 Thread 0x0000000019f9e000 Uncommon trap: reason=unstable_if action=reinterpret pc=0x0000000002fdd5f0 method=java.util.concurrent.locks.AbstractQueuedSynchronizer.enq(Ljava/util/concurrent/locks/AbstractQueuedSynchronizer$Node;)Ljava/util/concurrent/locks/AbstractQueuedSynchronizer
Event: 1627.299 Thread 0x000000001cdd2000 Uncommon trap: reason=class_check action=maybe_recompile pc=0x00000000057caf20 method=java.util.Spliterators$ArraySpliterator.tryAdvance(Ljava/util/function/Consumer;)Z @ 49
Event: 1663.389 Thread 0x000000001cd66000 Uncommon trap: reason=null_check action=make_not_entrant pc=0x0000000005fec43c method=java.io.ObjectStreamClass.getField(Ljava/lang/String;Ljava/lang/Class;)Ljava/io/ObjectStreamField; @ 67

Classes redefined (0 events):
No events

Internal exceptions (10 events):
Event: 1562.440 Thread 0x000000001cdd2000 Exception <a 'java/lang/ClassNotFoundException': build_bczd85cmsshoxpdj011q20jls$_run_closure1Customizer> (0x00000000e4b18098) thrown at [D:\src\AOSP-openjdk-cygwin\jdk8u\hotspot\src\share\vm\classfile\systemDictionary.cpp, line 210]
Event: 1563.972 Thread 0x000000001cdd2000 Implicit null exception at 0x0000000003c7b3ae to 0x0000000003c7b585
Event: 1564.329 Thread 0x000000001cdd2000 Exception <a 'sun/nio/fs/WindowsException'> (0x00000000e213c4c8) thrown at [D:\src\AOSP-openjdk-cygwin\jdk8u\hotspot\src\share\vm\prims\jni.cpp, line 710]
Event: 1613.079 Thread 0x000000001cdd2000 Exception <a 'sun/nio/fs/WindowsException'> (0x00000000e2d67338) thrown at [D:\src\AOSP-openjdk-cygwin\jdk8u\hotspot\src\share\vm\prims\jni.cpp, line 710]
Event: 1614.692 Thread 0x0000000019f97000 Exception <a 'java/lang/NoSuchMethodError': <clinit>> (0x00000000e6af2f20) thrown at [D:\src\AOSP-openjdk-cygwin\jdk8u\hotspot\src\share\vm\prims\jni.cpp, line 1614]
Event: 1614.694 Thread 0x0000000019f97000 Exception <a 'java/lang/NoSuchMethodError': <clinit>> (0x00000000e6b05998) thrown at [D:\src\AOSP-openjdk-cygwin\jdk8u\hotspot\src\share\vm\prims\jni.cpp, line 1614]
Event: 1616.044 Thread 0x0000000019f9e000 Exception <a 'java/lang/NoSuchMethodError': <clinit>> (0x00000000e128e310) thrown at [D:\src\AOSP-openjdk-cygwin\jdk8u\hotspot\src\share\vm\prims\jni.cpp, line 1614]
Event: 1616.047 Thread 0x0000000019f9e000 Exception <a 'java/lang/NoSuchMethodError': <clinit>> (0x00000000e12ad3a0) thrown at [D:\src\AOSP-openjdk-cygwin\jdk8u\hotspot\src\share\vm\prims\jni.cpp, line 1614]
Event: 1627.335 Thread 0x000000001cdd2000 Exception <a 'sun/nio/fs/WindowsException'> (0x00000000e51073b0) thrown at [D:\src\AOSP-openjdk-cygwin\jdk8u\hotspot\src\share\vm\prims\jni.cpp, line 710]
Event: 1664.799 Thread 0x000000001cdd2000 Exception <a 'sun/nio/fs/WindowsException'> (0x00000000e5d3f858) thrown at [D:\src\AOSP-openjdk-cygwin\jdk8u\hotspot\src\share\vm\prims\jni.cpp, line 710]

Events (10 events):
Event: 1665.635 Thread 0x000000001cdce800 Thread added: 0x000000001cdce800
Event: 1665.635 Thread 0x000000001cdd6000 Thread added: 0x000000001cdd6000
Event: 1665.636 Executing VM operation: RevokeBias
Event: 1665.637 Executing VM operation: RevokeBias done
Event: 1665.640 Executing VM operation: RevokeBias
Event: 1665.641 Executing VM operation: RevokeBias done
Event: 1665.642 Executing VM operation: RevokeBias
Event: 1665.642 Executing VM operation: RevokeBias done
Event: 1665.642 Executing VM operation: RevokeBias
Event: 1665.643 Executing VM operation: RevokeBias done


Dynamic libraries:
0x00007ff7bd730000 - 0x00007ff7bd761000 	C:\Program Files\Android\Android Studio\jre\bin\java.exe
0x00007ffa8c2a0000 - 0x00007ffa8c490000 	C:\Windows\SYSTEM32\ntdll.dll
0x00007ffa8b700000 - 0x00007ffa8b7b2000 	C:\Windows\System32\KERNEL32.DLL
0x00007ffa89e70000 - 0x00007ffa8a113000 	C:\Windows\System32\KERNELBASE.dll
0x00007ffa8a480000 - 0x00007ffa8a523000 	C:\Windows\System32\ADVAPI32.dll
0x00007ffa8b530000 - 0x00007ffa8b5ce000 	C:\Windows\System32\msvcrt.dll
0x00007ffa8baa0000 - 0x00007ffa8bb37000 	C:\Windows\System32\sechost.dll
0x00007ffa8a360000 - 0x00007ffa8a480000 	C:\Windows\System32\RPCRT4.dll
0x00007ffa8c010000 - 0x00007ffa8c1a4000 	C:\Windows\System32\USER32.dll
0x00007ffa89c80000 - 0x00007ffa89ca1000 	C:\Windows\System32\win32u.dll
0x00007ffa8b6d0000 - 0x00007ffa8b6f6000 	C:\Windows\System32\GDI32.dll
0x00007ffa89cb0000 - 0x00007ffa89e44000 	C:\Windows\System32\gdi32full.dll
0x00007ffa89230000 - 0x00007ffa892ce000 	C:\Windows\System32\msvcp_win.dll
0x00007ffa8a120000 - 0x00007ffa8a21a000 	C:\Windows\System32\ucrtbase.dll
0x00007ffa81d10000 - 0x00007ffa81f95000 	C:\Windows\WinSxS\amd64_microsoft.windows.common-controls_6595b64144ccf1df_6.0.18362.418_none_e6c6b287130d565d\COMCTL32.dll
0x00007ffa8a5a0000 - 0x00007ffa8a8d6000 	C:\Windows\System32\combase.dll
0x00007ffa89c00000 - 0x00007ffa89c80000 	C:\Windows\System32\bcryptPrimitives.dll
0x00007ffa8b160000 - 0x00007ffa8b18e000 	C:\Windows\System32\IMM32.DLL
0x00000000644e0000 - 0x00000000645b2000 	C:\Program Files\Android\Android Studio\jre\jre\bin\msvcr100.dll
0x00000000645c0000 - 0x0000000064e06000 	C:\Program Files\Android\Android Studio\jre\jre\bin\server\jvm.dll
0x00007ffa8a350000 - 0x00007ffa8a358000 	C:\Windows\System32\PSAPI.DLL
0x00007ffa82850000 - 0x00007ffa82859000 	C:\Windows\SYSTEM32\WSOCK32.dll
0x00007ffa86aa0000 - 0x00007ffa86ac4000 	C:\Windows\SYSTEM32\WINMM.dll
0x00007ffa8a530000 - 0x00007ffa8a59f000 	C:\Windows\System32\WS2_32.dll
0x00007ffa82a80000 - 0x00007ffa82a8a000 	C:\Windows\SYSTEM32\VERSION.dll
0x00007ffa85480000 - 0x00007ffa854ad000 	C:\Windows\SYSTEM32\winmmbase.dll
0x00007ffa8a220000 - 0x00007ffa8a26a000 	C:\Windows\System32\cfgmgr32.dll
0x00007ffa81290000 - 0x00007ffa8129f000 	C:\Program Files\Android\Android Studio\jre\jre\bin\verify.dll
0x00007ffa6ef30000 - 0x00007ffa6ef59000 	C:\Program Files\Android\Android Studio\jre\jre\bin\java.dll
0x00007ffa6eb70000 - 0x00007ffa6eb86000 	C:\Program Files\Android\Android Studio\jre\jre\bin\zip.dll
0x00007ffa8aa60000 - 0x00007ffa8b145000 	C:\Windows\System32\SHELL32.dll
0x00007ffa8c1b0000 - 0x00007ffa8c259000 	C:\Windows\System32\shcore.dll
0x00007ffa89420000 - 0x00007ffa89b9f000 	C:\Windows\System32\windows.storage.dll
0x00007ffa891a0000 - 0x00007ffa891bf000 	C:\Windows\System32\profapi.dll
0x00007ffa891e0000 - 0x00007ffa8922a000 	C:\Windows\System32\powrprof.dll
0x00007ffa89170000 - 0x00007ffa89180000 	C:\Windows\System32\UMPDC.dll
0x00007ffa8b840000 - 0x00007ffa8b892000 	C:\Windows\System32\shlwapi.dll
0x00007ffa89180000 - 0x00007ffa89191000 	C:\Windows\System32\kernel.appcore.dll
0x00007ffa89e50000 - 0x00007ffa89e67000 	C:\Windows\System32\cryptsp.dll
0x00007ffa6cb00000 - 0x00007ffa6cb1a000 	C:\Program Files\Android\Android Studio\jre\jre\bin\net.dll
0x00007ffa7eae0000 - 0x00007ffa7ecb6000 	C:\Windows\SYSTEM32\urlmon.dll
0x00007ffa7cd00000 - 0x00007ffa7cfa6000 	C:\Windows\SYSTEM32\iertutil.dll
0x00007ffa88bb0000 - 0x00007ffa88bbc000 	C:\Windows\SYSTEM32\CRYPTBASE.DLL
0x00007ffa889e0000 - 0x00007ffa88a47000 	C:\Windows\system32\mswsock.dll
0x00007ffa6c8e0000 - 0x00007ffa6c8f3000 	C:\Program Files\Android\Android Studio\jre\jre\bin\nio.dll
0x00007ffa83af0000 - 0x00007ffa83b16000 	C:\Users\basan\.gradle\native\30\windows-amd64\native-platform.dll
0x00007ffa7fc90000 - 0x00007ffa7fc9d000 	C:\Program Files\Android\Android Studio\jre\jre\bin\management.dll
0x00007ffa884f0000 - 0x00007ffa88523000 	C:\Windows\system32\rsaenh.dll
0x00007ffa8a320000 - 0x00007ffa8a346000 	C:\Windows\System32\bcrypt.dll
0x00007ffa89060000 - 0x00007ffa89085000 	C:\Windows\SYSTEM32\USERENV.dll
0x00007ffa886f0000 - 0x00007ffa8872a000 	C:\Windows\SYSTEM32\IPHLPAPI.DLL
0x00007ffa8b150000 - 0x00007ffa8b158000 	C:\Windows\System32\NSI.dll
0x00007ffa80890000 - 0x00007ffa808a6000 	C:\Windows\SYSTEM32\dhcpcsvc6.DLL
0x00007ffa80fa0000 - 0x00007ffa80fbc000 	C:\Windows\SYSTEM32\dhcpcsvc.DLL
0x00007ffa88730000 - 0x00007ffa887fa000 	C:\Windows\SYSTEM32\DNSAPI.dll
0x00007ffa81b90000 - 0x00007ffa81bb4000 	C:\Program Files\Android\Android Studio\jre\jre\bin\sunec.dll
0x00007ffa7baf0000 - 0x00007ffa7bafa000 	C:\Windows\System32\rasadhlp.dll
0x00007ffa80750000 - 0x00007ffa807c7000 	C:\Windows\System32\fwpuclnt.dll
0x00007ffa81a60000 - 0x00007ffa81a6b000 	C:\Program Files\Android\Android Studio\jre\jre\bin\sunmscapi.dll
0x00007ffa892d0000 - 0x00007ffa89419000 	C:\Windows\System32\CRYPT32.dll
0x00007ffa891c0000 - 0x00007ffa891d2000 	C:\Windows\System32\MSASN1.dll

VM Arguments:
jvm_args: -Xmx1536m -Dfile.encoding=windows-1252 -Duser.country=IN -Duser.language=en -Duser.variant 
java_command: org.gradle.launcher.daemon.bootstrap.GradleDaemon 5.6.4
java_class_path (initial): C:\Users\basan\.gradle\wrapper\dists\gradle-5.6.4-all\ankdp27end7byghfw1q2sw75f\gradle-5.6.4\lib\gradle-launcher-5.6.4.jar
Launcher Type: SUN_STANDARD

Environment Variables:
PATH=C:\Windows\system32;C:\Windows;C:\Windows\System32\Wbem;C:\Windows\System32\WindowsPowerShell\v1.0\;C:\Windows\System32\OpenSSH\;C:\Program Files\Git\cmd;C:\Users\basan\AppData\Local\Microsoft\WindowsApps;;C:\Users\basan\AppData\Local\Programs\Microsoft VS Code\bin
USERNAME=basan
OS=Windows_NT
PROCESSOR_IDENTIFIER=AMD64 Family 22 Model 48 Stepping 1, AuthenticAMD



---------------  S Y S T E M  ---------------

OS: Windows 10.0 , 64 bit Build 18362 (10.0.18362.329)

CPU:total 4 (initial active 4) (4 cores per cpu, 1 threads per core) family 22 model 48 stepping 1, cmov, cx8, fxsr, mmx, sse, sse2, sse3, ssse3, sse4.1, sse4.2, popcnt, avx, aes, clmul, mmxext, 3dnowpref, lzcnt, sse4a, tsc, tscinvbit, tscinv, bmi1

Memory: 4k page, physical 3631112k(260164k free), swap 6703112k(904k free)

vm_info: OpenJDK 64-Bit Server VM (25.212-b04) for windows-amd64 JRE (1.8.0_212-release-1586-b04), built by "builder" with MS VC++ 10.0 (VS2010)

time: Mon Jun 08 21:05:59 2020
timezone: India Standard Time
elapsed time: 1666 seconds (0d 0h 27m 46s)

